[    0.000000] Linux version 4.15.0-212-generic (buildd@lcy02-amd64-083) (gcc version 7.5.0 (Ubuntu 7.5.0-3ubuntu1~18.04)) #223-Ubuntu SMP Tue May 23 13:09:22 UTC 2023 (Ubuntu 4.15.0-212.223-generic 4.15.18)
[    0.000000] Command line: BOOT_IMAGE=/boot/vmlinuz-4.15.0-212-generic root=LABEL=cloudimg-rootfs ro console=tty1 console=ttyS0
[    0.000000] KERNEL supported cpus:
[    0.000000]   Intel GenuineIntel
[    0.000000]   AMD AuthenticAMD
[    0.000000]   Centaur CentaurHauls
[    0.000000] x86/fpu: Supporting XSAVE feature 0x001: 'x87 floating point registers'
[    0.000000] x86/fpu: Supporting XSAVE feature 0x002: 'SSE registers'
[    0.000000] x86/fpu: Supporting XSAVE feature 0x004: 'AVX registers'
[    0.000000] x86/fpu: xstate_offset[2]:  576, xstate_sizes[2]:  256
[    0.000000] x86/fpu: Enabled xstate features 0x7, context size is 832 bytes, using 'standard' format.
[    0.000000] e820: BIOS-provided physical RAM map:
[    0.000000] BIOS-e820: [mem 0x0000000000000000-0x000000000009fbff] usable
[    0.000000] BIOS-e820: [mem 0x000000000009fc00-0x000000000009ffff] reserved
[    0.000000] BIOS-e820: [mem 0x00000000000f0000-0x00000000000fffff] reserved
[    0.000000] BIOS-e820: [mem 0x0000000000100000-0x000000003ffeffff] usable
[    0.000000] BIOS-e820: [mem 0x000000003fff0000-0x000000003fffffff] ACPI data
[    0.000000] BIOS-e820: [mem 0x00000000fec00000-0x00000000fec00fff] reserved
[    0.000000] BIOS-e820: [mem 0x00000000fee00000-0x00000000fee00fff] reserved
[    0.000000] BIOS-e820: [mem 0x00000000fffc0000-0x00000000ffffffff] reserved
[    0.000000] NX (Execute Disable) protection: active
[    0.000000] SMBIOS 2.5 present.
[    0.000000] DMI: innotek GmbH VirtualBox/VirtualBox, BIOS VirtualBox 12/01/2006
[    0.000000] Hypervisor detected: KVM
[    0.000000] e820: last_pfn = 0x3fff0 max_arch_pfn = 0x400000000
[    0.000000] MTRR: Disabled
[    0.000000] x86/PAT: MTRRs disabled, skipping PAT initialization too.
[    0.000000] CPU MTRRs all blank - virtualized system.
[    0.000000] x86/PAT: Configuration [0-7]: WB  WT  UC- UC  WB  WT  UC- UC  
[    0.000000] found SMP MP-table at [mem 0x0009fff0-0x0009ffff]
[    0.000000] Scanning 1 areas for low memory corruption
[    0.000000] RAMDISK: [mem 0x359cb000-0x36cdcfff]
[    0.000000] ACPI: Early table checksum verification disabled
[    0.000000] ACPI: RSDP 0x00000000000E0000 000024 (v02 VBOX  )
[    0.000000] ACPI: XSDT 0x000000003FFF0030 00003C (v01 VBOX   VBOXXSDT 00000001 ASL  00000061)
[    0.000000] ACPI: FACP 0x000000003FFF00F0 0000F4 (v04 VBOX   VBOXFACP 00000001 ASL  00000061)
[    0.000000] ACPI: DSDT 0x000000003FFF0610 002353 (v02 VBOX   VBOXBIOS 00000002 INTL 20100528)
[    0.000000] ACPI: FACS 0x000000003FFF0200 000040
[    0.000000] ACPI: FACS 0x000000003FFF0200 000040
[    0.000000] ACPI: APIC 0x000000003FFF0240 00005C (v02 VBOX   VBOXAPIC 00000001 ASL  00000061)
[    0.000000] ACPI: SSDT 0x000000003FFF02A0 00036C (v01 VBOX   VBOXCPUT 00000002 INTL 20100528)
[    0.000000] ACPI: Reserving FACP table memory at [mem 0x3fff00f0-0x3fff01e3]
[    0.000000] ACPI: Reserving DSDT table memory at [mem 0x3fff0610-0x3fff2962]
[    0.000000] ACPI: Reserving FACS table memory at [mem 0x3fff0200-0x3fff023f]
[    0.000000] ACPI: Reserving FACS table memory at [mem 0x3fff0200-0x3fff023f]
[    0.000000] ACPI: Reserving APIC table memory at [mem 0x3fff0240-0x3fff029b]
[    0.000000] ACPI: Reserving SSDT table memory at [mem 0x3fff02a0-0x3fff060b]
[    0.000000] No NUMA configuration found
[    0.000000] Faking a node at [mem 0x0000000000000000-0x000000003ffeffff]
[    0.000000] NODE_DATA(0) allocated [mem 0x3ffc5000-0x3ffeffff]
[    0.000000] kvm-clock: cpu 0, msr 0:3ff44001, primary cpu clock
[    0.000000] kvm-clock: Using msrs 4b564d01 and 4b564d00
[    0.000000] kvm-clock: using sched offset of 4046483766 cycles
[    0.000000] clocksource: kvm-clock: mask: 0xffffffffffffffff max_cycles: 0x1cd42e4dffb, max_idle_ns: 881590591483 ns
[    0.000000] Zone ranges:
[    0.000000]   DMA      [mem 0x0000000000001000-0x0000000000ffffff]
[    0.000000]   DMA32    [mem 0x0000000001000000-0x000000003ffeffff]
[    0.000000]   Normal   empty
[    0.000000]   Device   empty
[    0.000000] Movable zone start for each node
[    0.000000] Early memory node ranges
[    0.000000]   node   0: [mem 0x0000000000001000-0x000000000009efff]
[    0.000000]   node   0: [mem 0x0000000000100000-0x000000003ffeffff]
[    0.000000] Reserved but unavailable: 104 pages
[    0.000000] Initmem setup node 0 [mem 0x0000000000001000-0x000000003ffeffff]
[    0.000000] ACPI: PM-Timer IO Port: 0x4008
[    0.000000] IOAPIC[0]: apic_id 2, version 32, address 0xfec00000, GSI 0-23
[    0.000000] ACPI: INT_SRC_OVR (bus 0 bus_irq 0 global_irq 2 dfl dfl)
[    0.000000] ACPI: INT_SRC_OVR (bus 0 bus_irq 9 global_irq 9 low level)
[    0.000000] Using ACPI (MADT) for SMP configuration information
[    0.000000] smpboot: Allowing 2 CPUs, 0 hotplug CPUs
[    0.000000] PM: Registered nosave memory: [mem 0x00000000-0x00000fff]
[    0.000000] PM: Registered nosave memory: [mem 0x0009f000-0x0009ffff]
[    0.000000] PM: Registered nosave memory: [mem 0x000a0000-0x000effff]
[    0.000000] PM: Registered nosave memory: [mem 0x000f0000-0x000fffff]
[    0.000000] e820: [mem 0x40000000-0xfebfffff] available for PCI devices
[    0.000000] Booting paravirtualized kernel on KVM
[    0.000000] clocksource: refined-jiffies: mask: 0xffffffff max_cycles: 0xffffffff, max_idle_ns: 7645519600211568 ns
[    0.000000] setup_percpu: NR_CPUS:8192 nr_cpumask_bits:2 nr_cpu_ids:2 nr_node_ids:1
[    0.000000] percpu: Embedded 50 pages/cpu s167936 r8192 d28672 u1048576
[    0.000000] PV qspinlock hash table entries: 256 (order: 0, 4096 bytes)
[    0.000000] Built 1 zonelists, mobility grouping on.  Total pages: 257913
[    0.000000] Policy zone: DMA32
[    0.000000] Kernel command line: BOOT_IMAGE=/boot/vmlinuz-4.15.0-212-generic root=LABEL=cloudimg-rootfs ro console=tty1 console=ttyS0
[    0.000000] Memory: 982644K/1048120K available (12300K kernel code, 2477K rwdata, 4324K rodata, 2480K init, 2720K bss, 65476K reserved, 0K cma-reserved)
[    0.000000] SLUB: HWalign=64, Order=0-3, MinObjects=0, CPUs=2, Nodes=1
[    0.000000] Kernel/User page tables isolation: enabled
[    0.000000] ftrace: allocating 39508 entries in 155 pages
[    0.004000] Hierarchical RCU implementation.
[    0.004000] 	RCU restricting CPUs from NR_CPUS=8192 to nr_cpu_ids=2.
[    0.004000] 	Tasks RCU enabled.
[    0.004000] RCU: Adjusting geometry for rcu_fanout_leaf=16, nr_cpu_ids=2
[    0.004000] NR_IRQS: 524544, nr_irqs: 440, preallocated irqs: 16
[    0.004000] random: crng init done
[    0.004000] Console: colour VGA+ 80x25
[    0.004000] console [tty1] enabled
[    0.004000] console [ttyS0] enabled
[    0.004000] ACPI: Core revision 20170831
[    0.004000] ACPI: 2 ACPI AML tables successfully acquired and loaded
[    0.004000] APIC: Switch to symmetric I/O mode setup
[    0.004000] x2apic enabled
[    0.004012] Switched APIC routing to physical x2apic.
[    0.008000] ..TIMER: vector=0x30 apic1=0 pin1=2 apic2=-1 pin2=-1
[    0.008011] tsc: Detected 2807.972 MHz processor
[    0.012024] Calibrating delay loop (skipped) preset value.. 5615.94 BogoMIPS (lpj=11231888)
[    0.016009] pid_max: default: 32768 minimum: 301
[    0.018328] Security Framework initialized
[    0.020006] Yama: becoming mindful.
[    0.021857] AppArmor: AppArmor initialized
[    0.028238] Dentry cache hash table entries: 131072 (order: 8, 1048576 bytes)
[    0.032198] Inode-cache hash table entries: 65536 (order: 7, 524288 bytes)
[    0.036036] Mount-cache hash table entries: 2048 (order: 2, 16384 bytes)
[    0.040021] Mountpoint-cache hash table entries: 2048 (order: 2, 16384 bytes)
[    0.044569] Last level iTLB entries: 4KB 64, 2MB 8, 4MB 8
[    0.048006] Last level dTLB entries: 4KB 64, 2MB 0, 4MB 0, 1GB 4
[    0.052006] Spectre V1 : Mitigation: usercopy/swapgs barriers and __user pointer sanitization
[    0.056010] Spectre V2 : Mitigation: Retpolines
[    0.060008] Spectre V2 : Spectre v2 / SpectreRSB mitigation: Filling RSB on context switch
[    0.064009] Spectre V2 : Spectre v2 / SpectreRSB : Filling RSB on VMEXIT
[    0.068005] RETBleed: WARNING: Spectre v2 mitigation leaves CPU vulnerable to RETBleed attacks, data leaks possible!
[    0.072008] RETBleed: Vulnerable
[    0.073719] Speculative Store Bypass: Vulnerable
[    0.076268] MDS: Mitigation: Clear CPU buffers
[    0.078623] MMIO Stale Data: Mitigation: Clear CPU buffers
[    0.080008] SRBDS: Unknown: Dependent on hypervisor status
[    0.084464] Freeing SMP alternatives memory: 36K
[    0.195364] smpboot: CPU0: Intel(R) Core(TM) i7-6600U CPU @ 2.60GHz (family: 0x6, model: 0x4e, stepping: 0x3)
[    0.196000] Performance Events: unsupported p6 CPU model 78 no PMU driver, software events only.
[    0.200078] Hierarchical SRCU implementation.
[    0.203243] NMI watchdog: Perf event create on CPU 0 failed with -2
[    0.204007] NMI watchdog: Perf NMI watchdog permanently disabled
[    0.208120] smp: Bringing up secondary CPUs ...
[    0.210237] x86: Booting SMP configuration:
[    0.212006] .... node  #0, CPUs:      #1
[    0.004000] kvm-clock: cpu 1, msr 0:3ff44041, secondary cpu clock
[    0.220064] smp: Brought up 1 node, 2 CPUs
[    0.222192] smpboot: Max logical packages: 1
[    0.224009] smpboot: Total of 2 processors activated (11231.88 BogoMIPS)
[    0.228249] devtmpfs: initialized
[    0.229482] x86/mm: Memory block size: 128MB
[    0.232498] evm: security.selinux
[    0.234210] evm: security.SMACK64
[    0.236009] evm: security.SMACK64EXEC
[    0.237668] evm: security.SMACK64TRANSMUTE
[    0.240005] evm: security.SMACK64MMAP
[    0.241890] evm: security.apparmor
[    0.243672] evm: security.ima
[    0.244005] evm: security.capability
[    0.245908] clocksource: jiffies: mask: 0xffffffff max_cycles: 0xffffffff, max_idle_ns: 7645041785100000 ns
[    0.248032] futex hash table entries: 512 (order: 3, 32768 bytes)
[    0.251126] pinctrl core: initialized pinctrl subsystem
[    0.256319] RTC time:  9:07:39, date: 07/13/23
[    0.260483] NET: Registered protocol family 16
[    0.264210] audit: initializing netlink subsys (disabled)
[    0.268096] audit: type=2000 audit(1689239265.420:1): state=initialized audit_enabled=0 res=1
[    0.272022] cpuidle: using governor ladder
[    0.276018] cpuidle: using governor menu
[    0.278181] ACPI: bus type PCI registered
[    0.280008] acpiphp: ACPI Hot Plug PCI Controller Driver version: 0.5
[    0.284236] PCI: Using configuration type 1 for base access
[    0.292083] HugeTLB registered 2.00 MiB page size, pre-allocated 0 pages
[    0.296078] ACPI: Added _OSI(Module Device)
[    0.298182] ACPI: Added _OSI(Processor Device)
[    0.300013] ACPI: Added _OSI(3.0 _SCP Extensions)
[    0.303405] ACPI: Added _OSI(Processor Aggregator Device)
[    0.308011] ACPI: Added _OSI(Linux-Dell-Video)
[    0.311215] ACPI: Added _OSI(Linux-Lenovo-NV-HDMI-Audio)
[    0.316014] ACPI: Added _OSI(Linux-HPI-Hybrid-Graphics)
[    0.320816] ACPI: Executed 1 blocks of module-level executable AML code
[    0.334918] ACPI: Interpreter enabled
[    0.336043] ACPI: (supports S0 S5)
[    0.338655] ACPI: Using IOAPIC for interrupt routing
[    0.344776] PCI: Using host bridge windows from ACPI; if necessary, use "pci=nocrs" and report a bug
[    0.352468] ACPI: Enabled 2 GPEs in block 00 to 07
[    0.382199] ACPI: PCI Root Bridge [PCI0] (domain 0000 [bus 00-ff])
[    0.384027] acpi PNP0A03:00: _OSC: OS supports [ASPM ClockPM Segments MSI]
[    0.392958] acpi PNP0A03:00: _OSC: not requesting OS control; OS requires [ExtendedConfig ASPM ClockPM MSI]
[    0.400044] acpi PNP0A03:00: fail to add MMCONFIG information, can't access extended PCI configuration space under this bridge.
[    0.409876] PCI host bridge to bus 0000:00
[    0.416019] pci_bus 0000:00: root bus resource [io  0x0000-0x0cf7 window]
[    0.420017] pci_bus 0000:00: root bus resource [io  0x0d00-0xffff window]
[    0.424014] pci_bus 0000:00: root bus resource [mem 0x000a0000-0x000bffff window]
[    0.432016] pci_bus 0000:00: root bus resource [mem 0x40000000-0xfdffffff window]
[    0.440016] pci_bus 0000:00: root bus resource [bus 00-ff]
[    0.451605] pci 0000:00:01.1: legacy IDE quirk: reg 0x10: [io  0x01f0-0x01f7]
[    0.452012] pci 0000:00:01.1: legacy IDE quirk: reg 0x14: [io  0x03f6]
[    0.460010] pci 0000:00:01.1: legacy IDE quirk: reg 0x18: [io  0x0170-0x0177]
[    0.460010] pci 0000:00:01.1: legacy IDE quirk: reg 0x1c: [io  0x0376]
[    0.500212] pci 0000:00:07.0: quirk: [io  0x4000-0x403f] claimed by PIIX4 ACPI
[    0.504000] pci 0000:00:07.0: quirk: [io  0x4100-0x410f] claimed by PIIX4 SMB
[    0.529025] ACPI: PCI Interrupt Link [LNKA] (IRQs 5 9 10 *11)
[    0.533228] ACPI: PCI Interrupt Link [LNKB] (IRQs 5 9 *10 11)
[    0.536413] ACPI: PCI Interrupt Link [LNKC] (IRQs 5 *9 10 11)
[    0.540366] ACPI: PCI Interrupt Link [LNKD] (IRQs 5 9 10 *11)
[    0.546359] SCSI subsystem initialized
[    0.548236] pci 0000:00:02.0: vgaarb: setting as boot VGA device
[    0.551815] pci 0000:00:02.0: vgaarb: VGA device added: decodes=io+mem,owns=io+mem,locks=none
[    0.556012] pci 0000:00:02.0: vgaarb: bridge control possible
[    0.560006] vgaarb: loaded
[    0.561392] ACPI: bus type USB registered
[    0.564075] usbcore: registered new interface driver usbfs
[    0.568043] usbcore: registered new interface driver hub
[    0.572039] usbcore: registered new device driver usb
[    0.576046] EDAC MC: Ver: 3.0.0
[    0.578209] PCI: Using ACPI for IRQ routing
[    0.580884] NetLabel: Initializing
[    0.584007] NetLabel:  domain hash size = 128
[    0.586129] NetLabel:  protocols = UNLABELED CIPSOv4 CALIPSO
[    0.588051] NetLabel:  unlabeled traffic allowed by default
[    0.592152] clocksource: Switched to clocksource kvm-clock
[    0.644233] VFS: Disk quotas dquot_6.6.0
[    0.647492] VFS: Dquot-cache hash table entries: 512 (order 0, 4096 bytes)
[    0.651691] AppArmor: AppArmor Filesystem Enabled
[    0.654220] pnp: PnP ACPI init
[    0.660386] pnp: PnP ACPI: found 3 devices
[    0.669897] clocksource: acpi_pm: mask: 0xffffff max_cycles: 0xffffff, max_idle_ns: 2085701024 ns
[    0.674366] NET: Registered protocol family 2
[    0.676626] IP idents hash table entries: 16384 (order: 5, 131072 bytes)
[    0.680553] TCP established hash table entries: 8192 (order: 4, 65536 bytes)
[    0.689579] TCP bind hash table entries: 8192 (order: 5, 131072 bytes)
[    0.694053] TCP: Hash tables configured (established 8192 bind 8192)
[    0.699240] UDP hash table entries: 512 (order: 2, 16384 bytes)
[    0.702556] UDP-Lite hash table entries: 512 (order: 2, 16384 bytes)
[    0.705666] NET: Registered protocol family 1
[    0.707798] pci 0000:00:00.0: Limiting direct PCI/PCI transfers
[    0.710731] pci 0000:00:01.0: Activating ISA DMA hang workarounds
[    0.714049] pci 0000:00:02.0: Video device with shadowed ROM at [mem 0x000c0000-0x000dffff]
[    0.718647] Unpacking initramfs...
[    1.530545] Freeing initrd memory: 19528K
[    1.536216] clocksource: tsc: mask: 0xffffffffffffffff max_cycles: 0x2879ab8a984, max_idle_ns: 440795309663 ns
[    1.543562] platform rtc_cmos: registered platform RTC device (no PNP device found)
[    1.554254] Scanning for low memory corruption every 60 seconds
[    1.560528] Initialise system trusted keyrings
[    1.563646] Key type blacklist registered
[    1.566855] workingset: timestamp_bits=36 max_order=18 bucket_order=0
[    1.574182] zbud: loaded
[    1.577329] squashfs: version 4.0 (2009/01/31) Phillip Lougher
[    1.580937] fuse init (API version 7.26)
[    1.587419] Key type asymmetric registered
[    1.589201] Asymmetric key parser 'x509' registered
[    1.591142] Block layer SCSI generic (bsg) driver version 0.4 loaded (major 246)
[    1.594865] io scheduler noop registered
[    1.597060] io scheduler deadline registered
[    1.599569] io scheduler cfq registered (default)
[    1.602745] ACPI: AC Adapter [AC] (off-line)
[    1.604887] input: Power Button as /devices/LNXSYSTM:00/LNXPWRBN:00/input/input0
[    1.608839] ACPI: Power Button [PWRF]
[    1.610862] input: Sleep Button as /devices/LNXSYSTM:00/LNXSLPBN:00/input/input1
[    1.615381] ACPI: Sleep Button [SLPF]
[    1.618127] Serial: 8250/16550 driver, 32 ports, IRQ sharing enabled
[    1.620397] ACPI: Battery Slot [BAT0] (battery present)
[    1.647362] 00:02: ttyS0 at I/O 0x3f8 (irq = 4, base_baud = 115200) is a 16550A
[    1.654531] Linux agpgart interface v0.103
[    1.665418] loop: module loaded
[    1.669528] scsi host0: ata_piix
[    1.672273] scsi host1: ata_piix
[    1.674425] ata1: PATA max UDMA/33 cmd 0x1f0 ctl 0x3f6 bmdma 0xd000 irq 14
[    1.678485] ata2: PATA max UDMA/33 cmd 0x170 ctl 0x376 bmdma 0xd008 irq 15
[    1.684010] tun: Universal TUN/TAP device driver, 1.6
[    1.687079] PPP generic driver version 2.4.2
[    1.690014] ehci_hcd: USB 2.0 'Enhanced' Host Controller (EHCI) Driver
[    1.694378] ehci-pci: EHCI PCI platform driver
[    1.697297] ehci-platform: EHCI generic platform driver
[    1.699688] ohci_hcd: USB 1.1 'Open' Host Controller (OHCI) Driver
[    1.702032] ohci-pci: OHCI PCI platform driver
[    1.703708] ohci-platform: OHCI generic platform driver
[    1.705855] uhci_hcd: USB Universal Host Controller Interface driver
[    1.708301] i8042: PNP: PS/2 Controller [PNP0303:PS2K,PNP0f03:PS2M] at 0x60,0x64 irq 1,12
[    1.712293] serio: i8042 KBD port at 0x60,0x64 irq 1
[    1.714517] serio: i8042 AUX port at 0x60,0x64 irq 12
[    1.716473] mousedev: PS/2 mouse device common for all mice
[    1.719354] input: AT Translated Set 2 keyboard as /devices/platform/i8042/serio0/input/input2
[    1.723492] rtc_cmos rtc_cmos: rtc core: registered rtc_cmos as rtc0
[    1.727308] rtc_cmos rtc_cmos: alarms up to one day, 114 bytes nvram
[    1.730152] i2c /dev entries driver
[    1.731961] device-mapper: uevent: version 1.0.3
[    1.734681] device-mapper: ioctl: 4.37.0-ioctl (2017-09-20) initialised: dm-devel@redhat.com
[    1.738431] ledtrig-cpu: registered to indicate activity on CPUs
[    1.741780] NET: Registered protocol family 10
[    1.752282] Segment Routing with IPv6
[    1.754779] NET: Registered protocol family 17
[    1.758832] Key type dns_resolver registered
[    1.761974] mce: Using 0 MCE banks
[    1.763993] RAS: Correctable Errors collector initialized.
[    1.766526] sched_clock: Marking stable (1766427092, 0)->(2279931553, -513504461)
[    1.771394] registered taskstats version 1
[    1.773302] Loading compiled-in X.509 certificates
[    1.781954] Loaded X.509 cert 'Build time autogenerated kernel key: b5b26778eaa3ab3a4a6cee031137706e947d12ad'
[    1.788500] Loaded X.509 cert 'Canonical Ltd. Live Patch Signing: 14df34d1a87cf37625abec039ef2bf521249b969'
[    1.797200] Loaded X.509 cert 'Canonical Ltd. Kernel Module Signing: 88f752e560a1e0737e31163a466ad7b70a850c19'
[    1.802262] blacklist: Loading compiled-in revocation X.509 certificates
[    1.806024] Loaded X.509 cert 'Canonical Ltd. Secure Boot Signing: 61482aa2830d0ab2ad5af10b7250da9033ddcef0'
[    1.810837] Loaded X.509 cert 'Canonical Ltd. Secure Boot Signing (2017): 242ade75ac4a15e50d50c84b0d45ff3eae707a03'
[    1.817854] Loaded X.509 cert 'Canonical Ltd. Secure Boot Signing (ESM 2018): 365188c1d374d6b07c3c8f240f8ef722433d6a8b'
[    1.823309] Loaded X.509 cert 'Canonical Ltd. Secure Boot Signing (2019): c0746fd6c5da3ae827864651ad66ae47fe24b3e8'
[    1.828709] Loaded X.509 cert 'Canonical Ltd. Secure Boot Signing (2021 v1): a8d54bbb3825cfb94fa13c9f8a594a195c107b8d'
[    1.836132] Loaded X.509 cert 'Canonical Ltd. Secure Boot Signing (2021 v2): 4cf046892d6fd3c9a5b03f98d845f90851dc6a8c'
[    1.852201] Loaded X.509 cert 'Canonical Ltd. Secure Boot Signing (2021 v3): 100437bb6de6e469b581e61cd66bce3ef4ed53af'
[    1.870542] Loaded X.509 cert 'Canonical Ltd. Secure Boot Signing (Ubuntu Core 2019): c1d57b8f6b743f23ee41f4f7ee292f06eecadfb9'
[    1.879538] zswap: loaded using pool lzo/zbud
[    1.893181] Key type big_key registered
[    1.896129] Key type trusted registered
[    1.904297] Key type encrypted registered
[    1.907553] AppArmor: AppArmor sha1 policy hashing enabled
[    1.911289] ima: No TPM chip found, activating TPM-bypass! (rc=-19)
[    1.916316] ima: Allocated hash algorithm: sha1
[    1.919121] evm: HMAC attrs: 0x1
[    1.922224]   Magic number: 15:1:121
[    1.925494] rtc_cmos rtc_cmos: setting system clock to 2023-07-13 09:07:41 UTC (1689239261)
[    1.932168] BIOS EDD facility v0.16 2004-Jun-25, 0 devices found
[    1.936461] EDD information not available.
[    1.947331] Freeing unused kernel image memory: 2480K
[    1.964442] Write protecting the kernel read-only data: 20480k
[    1.970679] Freeing unused kernel image memory: 2008K
[    1.974477] Freeing unused kernel image memory: 1820K
[    2.004941] x86/mm: Checked W+X mappings: passed, no W+X pages found.
[    2.009499] x86/mm: Checking user space page tables
[    2.038383] x86/mm: Checked W+X mappings: passed, no W+X pages found.
Loading, please wait...
starting version 237
[    2.280647] e1000: Intel(R) PRO/1000 Network Driver - version 7.3.21-k8-NAPI
[    2.285718] e1000: Copyright (c) 1999-2006 Intel Corporation.
[    2.299139] Fusion MPT base driver 3.04.20
[    2.302167] Copyright (c) 1999-2008 LSI Corporation
[    2.326522] Fusion MPT SPI Host driver 3.04.20
[    2.362317] AVX2 version of gcm_enc/dec engaged.
[    2.366407] AES CTR mode by8 optimization enabled
[    2.535311] input: ImExPS/2 Generic Explorer Mouse as /devices/platform/i8042/serio1/input/input4
[    3.333092] e1000 0000:00:03.0 eth0: (PCI:33MHz:32-bit) 02:3b:7b:b7:3b:2d
[    3.347974] e1000 0000:00:03.0 eth0: Intel(R) PRO/1000 Network Connection
[    4.309505] e1000 0000:00:08.0 eth1: (PCI:33MHz:32-bit) 08:00:27:71:c3:ff
[    4.328621] e1000 0000:00:08.0 eth1: Intel(R) PRO/1000 Network Connection
[    4.370358] e1000 0000:00:03.0 enp0s3: renamed from eth0
[    4.385354] mptbase: ioc0: Initiating bringup
[    4.421896] e1000 0000:00:08.0 enp0s8: renamed from eth1
[    5.321210] ioc0: LSI53C1030 A0: Capabilities={Initiator}
[    8.402111] scsi host2: ioc0: LSI53C1030 A0, FwRev=00000000h, Ports=1, MaxQ=256, IRQ=20
[   10.548186] scsi 2:0:0:0: Direct-Access     VBOX     HARDDISK         1.0  PQ: 0 ANSI: 5
[   10.576376] scsi target2:0:0: Beginning Domain Validation
[   10.587189] scsi target2:0:0: Domain Validation skipping write tests
[   10.598201] scsi target2:0:0: Ending Domain Validation
[   10.607701] scsi target2:0:0: asynchronous
[   10.619215] scsi 2:0:1:0: Direct-Access     VBOX     HARDDISK         1.0  PQ: 0 ANSI: 5
[   10.664376] scsi target2:0:1: Beginning Domain Validation
[   10.684780] scsi target2:0:1: Domain Validation skipping write tests
[   10.695598] scsi target2:0:1: Ending Domain Validation
[   10.706068] scsi target2:0:1: asynchronous
[   10.742908] sd 2:0:0:0: Attached scsi generic sg0 type 0
[   10.754306] sd 2:0:0:0: [sda] 83886080 512-byte logical blocks: (42.9 GB/40.0 GiB)
[   10.756685] sd 2:0:1:0: [sdb] 20480 512-byte logical blocks: (10.5 MB/10.0 MiB)
[   10.773331] sd 2:0:1:0: Attached scsi generic sg1 type 0
[   10.794376] sd 2:0:1:0: [sdb] Write Protect is off
[   10.804879] sd 2:0:0:0: [sda] Write Protect is off
[   10.823010] sd 2:0:0:0: [sda] Incomplete mode parameter data
[   10.824003] sd 2:0:1:0: [sdb] Incomplete mode parameter data
[   10.832813] sd 2:0:0:0: [sda] Assuming drive cache: write through
[   10.855232] sd 2:0:1:0: [sdb] Assuming drive cache: write through
[   10.873097]  sda: sda1
[   10.880948] sd 2:0:1:0: [sdb] Attached SCSI disk
[   10.884740] sd 2:0:0:0: [sda] Attached SCSI disk
Begin: Loading essential drivers ... [   13.884137] raid6: sse2x1   gen()  3832 MB/s
[   13.932350] raid6: sse2x1   xor()  2823 MB/s
[   13.980098] raid6: sse2x2   gen()  4300 MB/s
[   14.028271] raid6: sse2x2   xor()  3006 MB/s
[   14.088308] raid6: sse2x4   gen()  2371 MB/s
[   14.163689] raid6: sse2x4   xor()  2080 MB/s
[   14.225767] raid6: avx2x1   gen()  8966 MB/s
[   14.276106] raid6: avx2x1   xor()  5295 MB/s
[   14.324698] raid6: avx2x2   gen()  7456 MB/s
[   14.381913] raid6: avx2x2   xor()  6302 MB/s
[   14.429702] raid6: avx2x4   gen()  8915 MB/s
[   14.476259] raid6: avx2x4   xor()  6296 MB/s
[   14.478373] raid6: using algorithm avx2x1 gen() 8966 MB/s
[   14.481080] raid6: .... xor() 5295 MB/s, rmw enabled
[   14.483335] raid6: using avx2x2 recovery algorithm
[   14.487669] xor: automatically using best checksumming function   avx       
[   14.494017] async_tx: api initialized (async)
done.
Begin: Running /scripts/init-premount ... done.
Begin: Mounting root file system ... Begin: Running /scripts/local-top ... done.
Begin: Running /scripts/local-premount ... [   14.636852] Btrfs loaded, crc32c=crc32c-intel
Scanning for Btrfs filesystems
done.
Warning: fsck not present, so skipping root file system
[   14.718391] EXT4-fs (sda1): mounted filesystem with ordered data mode. Opts: (null)
done.
Begin: Running /scripts/local-bottom ... done.
Begin: Running /scripts/init-bottom ... done.
[   15.049236] ip_tables: (C) 2000-2006 Netfilter Core Team
[   15.072579] systemd[1]: systemd 237 running in system mode. (+PAM +AUDIT +SELINUX +IMA +APPARMOR +SMACK +SYSVINIT +UTMP +LIBCRYPTSETUP +GCRYPT +GNUTLS +ACL +XZ +LZ4 +SECCOMP +BLKID +ELFUTILS +KMOD -IDN2 +IDN -PCRE2 default-hierarchy=hybrid)
[   15.087983] systemd[1]: Detected virtualization oracle.
[   15.093001] systemd[1]: Detected architecture x86-64.

Welcome to [1mUbuntu 18.04.6 LTS[0m!

[   15.110569] systemd[1]: Set hostname to <ubuntu>.
[   15.119602] systemd[1]: Initializing machine ID from random generator.
[   15.123289] systemd[1]: Installed transient /etc/machine-id file.
[   15.627642] systemd[1]: Created slice System Slice.
[[0;32m  OK  [0m] Created slice System Slice.
[   15.633758] systemd[1]: Listening on Journal Socket.
[[0;32m  OK  [0m] Listening on Journal Socket.
[   15.642649] systemd[1]: Starting Set the console keyboard layout...
         Starting Set the console keyboard layout...
[   15.649148] systemd[1]: Reached target System Time Synchronized.
[[0;32m  OK  [0m] Reached target System Time Synchronized.
[[0;32m  OK  [0m] Listening on fsck to fsckd communication Socket.
[[0;32m  OK  [0m] Listening on udev Kernel Socket.
[[0;32m  OK  [0m] Listening on Network Service Netlink Socket.
[[0;32m  OK  [0m] Reached target Swap.
[[0;32m  OK  [0m] Listening on udev Control Socket.
[[0;32m  OK  [0m] Listening on LVM2 poll daemon socket.
[[0;32m  OK  [0m] Listening on Journal Socket (/dev/log).
[[0;32m  OK  [0m] Listening on Journal Audit Socket.
[[0;32m  OK  [0m] Reached target Mounting snaps.
[[0;32m  OK  [0m] Reached target Mounted snaps.
         Starting Create list of required st…ce nodes for the current kernel...
         Mounting POSIX Message Queue File System...
         Starting udev Coldplug all Devices...
[[0;32m  OK  [0m] Reached target User and Group Name Lookups.
[[0;32m  OK  [0m] Set up automount Arbitrary Executab…rmats File System Automount Point.
[[0;32m  OK  [0m] Listening on Device-mapper event daemon FIFOs.
         Starting Load Kernel Modules...
         Starting Uncomplicated firewall...
[[0;32m  OK  [0m] Created slice User and Session Slice.
[[0;32m  OK  [0m] Listening on LVM2 metadata daemon socket.
[[0;32m  OK  [0m] Started Forward Password Requests to Wall Directory Watch.
[[0;32m  OK  [0m] Reached target Slices.
         Mounting Huge Pages File System...
         Starting File System Check on Root Device...
[[0;32m  OK  [0m] Listening on /dev/initctl Compatibility Named Pipe.
[   15.803149] Loading iSCSI transport class v2.0-870.
         Starting Monitoring of LVM2 mirrors…ng dmeventd or progress polling...
[[0;32m  OK  [0m] Listening on Syslog Socket.
         Starting Journal Service...
         Mounting Kernel Debug File System...
[[0;32m  OK  [0m] Created slice system-serial\x2dgetty.slice.
[[0;32m  OK  [0m] Started Create list of required sta…vice nodes for the current kernel.
[[0;32m  OK  [0m] Mounted POSIX Message Queue File System.
[[0;32m  OK  [0m] Started Uncomplicated firewall.
[[0;32m  OK  [0m] Mounted Huge Pages File System.
[[0;32m  OK  [0m] Mounted Kernel Debug File System.
[[0;32m  OK  [0m] Started File System Check Daemon to report status.
         Starting Create Static Device Nodes in /dev...
[[0;32m  OK  [0m] Started Journal Service.
[[0;32m  OK  [0m] Started LVM2 metadata daemon.
[[0;32m  OK  [0m] Started udev Coldplug all Devices.
[[0;32m  OK  [0m] Started Create Static Device Nodes in /dev.
[[0;32m  OK  [0m] Started File System Check on Root Device.
         Starting Remount Root and Kernel File Systems...
[   16.055734] iscsi: registered transport (tcp)
[   16.085793] EXT4-fs (sda1): re-mounted. Opts: (null)
[[0;32m  OK  [0m] Started Remount Root and Kernel File Systems.
         Starting Flush Journal to Persistent Storage...
         Starting Load/Save Random Seed...
         Starting udev Kernel Device Manager...
[[0;32m  OK  [0m] Started Monitoring of LVM2 mirrors,…sing dmeventd or progress polling.
[[0;32m  OK  [0m] Started Load/Save Random Seed.
[   16.166182] systemd-journald[425]: Received request to flush runtime journal from PID 1
[[0;32m  OK  [0m] Started udev Kernel Device Manager.
[   16.344612] iscsi: registered transport (iser)
[[0;32m  OK  [0m] Started Load Kernel Modules.
         Mounting Kernel Configuration File System...
         Starting Apply Kernel Variables...
         Mounting FUSE Control File System...
[[0;32m  OK  [0m] Started Flush Journal to Persistent Storage.
[[0;32m  OK  [0m] Mounted Kernel Configuration File System.
[[0;32m  OK  [0m] Mounted FUSE Control File System.
[[0;32m  OK  [0m] Started Apply Kernel Variables.
[[0;32m  OK  [0m] Found device /dev/ttyS0.
[[0;32m  OK  [0m] Listening on Load/Save RF Kill Switch Status /dev/rfkill Watch.
         Mounting Arbitrary Executable File Formats File System...
[[0;32m  OK  [0m] Mounted Arbitrary Executable File Formats File System.
[[0;32m  OK  [0m] Started Set the console keyboard layout.
[[0;32m  OK  [0m] Started Dispatch Password Requests to Console Directory Watch.
[[0;32m  OK  [0m] Reached target Local Encrypted Volumes.
[[0;32m  OK  [0m] Reached target Local File Systems (Pre).
[[0;32m  OK  [0m] Reached target Local File Systems.
         Starting Commit a transient machine-id on disk...
         Starting Create Volatile Files and Directories...
         Starting AppArmor initialization...
         Starting ebtables ruleset management...
         Starting Set console font and keymap...
         Starting Tell Plymouth To Write Out Runtime Data...
[[0;32m  OK  [0m] Started Tell Plymouth To Write Out Runtime Data.
[[0;32m  OK  [0m] Started Create Volatile Files and Directories.
         Starting Update UTMP about System Boot/Shutdown...
[[0;32m  OK  [0m] Started Commit a transient machine-id on disk.
[[0;32m  OK  [0m] Started Update UTMP about System Boot/Shutdown.
[[0;32m  OK  [0m] Started ebtables ruleset management.
[[0;32m  OK  [0m] Started Set console font and keymap.
[[0;32m  OK  [0m] Started AppArmor initialization.
         Starting Initial cloud-init job (pre-networking)...
         Starting Load AppArmor profiles managed internally by snapd...
[[0;32m  OK  [0m] Started Load AppArmor profiles managed internally by snapd.
[   27.936669] cloud-init[804]: Cloud-init v. 23.1.2-0ubuntu0~18.04.1 running 'init-local' at Thu, 13 Jul 2023 09:08:06 +0000. Up 26.52 seconds.
[[0;32m  OK  [0m] Started Initial cloud-init job (pre-networking).
[[0;32m  OK  [0m] Reached target Network (Pre).
         Starting Network Service...
[[0;32m  OK  [0m] Started Network Service.
         Starting Network Name Resolution...
         Starting Wait for Network to be Configured...
[[0;32m  OK  [0m] Started Network Name Resolution.
[[0;32m  OK  [0m] Reached target Host and Network Name Lookups.
[[0;32m  OK  [0m] Reached target Network.
[[0;32m  OK  [0m] Started Wait for Network to be Configured.
         Starting Initial cloud-init job (metadata service crawler)...
[   32.163741] cloud-init[927]: Cloud-init v. 23.1.2-0ubuntu0~18.04.1 running 'init' at Thu, 13 Jul 2023 09:08:11 +0000. Up 31.59 seconds.
[   32.173590] cloud-init[927]: ci-info: ++++++++++++++++++++++++++++++++++++++Net device info+++++++++++++++++++++++++++++++++++++++
[   32.181351] cloud-init[927]: ci-info: +--------+-------+----------------------------+---------------+--------+-------------------+
[   32.187350] cloud-init[927]: ci-info: | Device |   Up  |          Address           |      Mask     | Scope  |     Hw-Address    |
[   32.193647] cloud-init[927]: ci-info: +--------+-------+----------------------------+---------------+--------+-------------------+
[   32.198721] cloud-init[927]: ci-info: | enp0s3 |  True |         10.0.2.15          | 255.255.255.0 | global | 02:3b:7b:b7:3b:2d |
[   32.203512] cloud-init[927]: ci-info: | enp0s3 |  True | fe80::3b:7bff:feb7:3b2d/64 |       .       |  link  | 02:3b:7b:b7:3b:2d |
[   32.209148] cloud-init[927]: ci-info: | enp0s8 | False |             .              |       .       |   .    | 08:00:27:71:c3:ff |
[   32.213431] cloud-init[927]: ci-info: |   lo   |  True |         127.0.0.1          |   255.0.0.0   |  host  |         .         |
[   32.219782] cloud-init[927]: ci-info: |   lo   |  True |          ::1/128           |       .       |  host  |         .         |
[   32.226486] cloud-init[927]: ci-info: +--------+-------+----------------------------+---------------+--------+-------------------+
[   32.231828] cloud-init[927]: ci-info: ++++++++++++++++++++++++++++Route IPv4 info+++++++++++++++++++++++++++++
[   32.236914] cloud-init[927]: ci-info: +-------+-------------+----------+-----------------+-----------+-------+
[   32.252442] cloud-init[927]: ci-info: | Route | Destination | Gateway  |     Genmask     | Interface | Flags |
[   32.255720] cloud-init[927]: ci-info: +-------+-------------+----------+-----------------+-----------+-------+
[   32.259909] cloud-init[927]: ci-info: |   0   |   0.0.0.0   | 10.0.2.2 |     0.0.0.0     |   enp0s3  |   UG  |
[   32.266487] cloud-init[927]: ci-info: |   1   |   10.0.2.0  | 0.0.0.0  |  255.255.255.0  |   enp0s3  |   U   |
[   32.275037] cloud-init[927]: ci-info: |   2   |   10.0.2.2  | 0.0.0.0  | 255.255.255.255 |   enp0s3  |   UH  |
[   32.279518] cloud-init[927]: ci-info: +-------+-------------+----------+-----------------+-----------+-------+
[   32.285229] cloud-init[927]: ci-info: +++++++++++++++++++Route IPv6 info+++++++++++++++++++
[   32.288436] cloud-init[927]: ci-info: +-------+-------------+---------+-----------+-------+
[   32.293201] cloud-init[927]: ci-info: | Route | Destination | Gateway | Interface | Flags |
[   32.297312] cloud-init[927]: ci-info: +-------+-------------+---------+-----------+-------+
[   32.301402] cloud-init[927]: ci-info: |   1   |  fe80::/64  |    ::   |   enp0s3  |   U   |
[   32.305667] cloud-init[927]: ci-info: |   3   |    local    |    ::   |   enp0s3  |   U   |
[   32.310740] cloud-init[927]: ci-info: |   4   |   ff00::/8  |    ::   |   enp0s3  |   U   |
[   32.315091] cloud-init[927]: ci-info: +-------+-------------+---------+-----------+-------+
[   33.836536] cloud-init[927]: Generating public/private rsa key pair.
[   33.841964] cloud-init[927]: Your identification has been saved in /etc/ssh/ssh_host_rsa_key.
[   33.847149] cloud-init[927]: Your public key has been saved in /etc/ssh/ssh_host_rsa_key.pub.
[   33.864407] cloud-init[927]: The key fingerprint is:
[   33.880638] cloud-init[927]: SHA256:YX1KyhB6hjQMd5LxU8r2/n62mM6q0s8g6rKvqtuPujQ root@ubuntu-bionic
[   33.884556] cloud-init[927]: The key's randomart image is:
[   33.888462] cloud-init[927]: +---[RSA 2048]----+
[   33.889905] cloud-init[927]: |  .o*oo .        |
[   33.891869] cloud-init[927]: |   ooO + .       |
[   33.894094] cloud-init[927]: |    o X o o .    |
[   33.895788] cloud-init[927]: |     + * + o     |
[   33.912526] cloud-init[927]: |        S .      |
[   33.914407] cloud-init[927]: |       .         |
[   33.916450] cloud-init[927]: | E  ... .        |
[   33.918899] cloud-init[927]: |o..o...o o oo    |
[   33.920744] cloud-init[927]: |@X*....o++Bo..   |
[   33.922371] cloud-init[927]: +----[SHA256]-----+
[   33.924204] cloud-init[927]: Generating public/private dsa key pair.
[   33.927742] cloud-init[927]: Your identification has been saved in /etc/ssh/ssh_host_dsa_key.
[   33.931677] cloud-init[927]: Your public key has been saved in /etc/ssh/ssh_host_dsa_key.pub.
[   33.948652] cloud-init[927]: The key fingerprint is:
[   33.965128] cloud-init[927]: SHA256:yEaL7MB65wzYig1qfv5UK7g1PBMUCyaw9SpnjXQwMf0 root@ubuntu-bionic
[   33.969113] cloud-init[927]: The key's randomart image is:
[   33.975053] cloud-init[927]: +---[DSA 1024]----+
[   33.979029] cloud-init[927]: |o.*= .           |
[   33.981409] cloud-init[927]: | oo=o o          |
[   33.985067] [[0;32m  OK  [0m] Started Initial cloud-init job (metadata service crawler).
[[0;32m  OK  [0m] Reached target Network is Online.
cloud-init[927]: |. . o+.          |         Starting Availability of block devices...
[[0;32m  OK  [0m] Reached target Remote File Systems (Pre).
[[0;32m  OK  [0m] Reached target Remote File Systems.
[[0;32m  OK  [0m] Reached target System Initialization.

[   34.001409] cloud-init[927]: | o *.+Eo         |
[   34.003965] cloud-init[927]: |. B +.=.S        |
[   34.006319] cloud-init[927]: | B oo.o .        |
[   34.007860] cloud-init[927]: |+ +.oO .         |
[[0;32m  OK  [0m] Started Daily apt download activities.
[   34.026563] cloud-init[927]: |o* *+ =          |
[[0;32m  OK  [0m] Started ACPI Events Check.
[[0;32m  OK  [0m] Listening on cloud-init hotplug hook socket.
[[0;32m  OK  [0m] Started Daily Cleanup of Temporary Directories.
[[0;32m  OK  [0m] Started Discard unused blocks once a week.
[[0;32m  OK  [0m] Listening on Open-iSCSI iscsid Socket.
[   34.037173] [[0;32m  OK  [0m] Started Message of the Day.
[[0;32m  OK  [0m] Listening on ACPID Listen Socket.
cloud-init         Starting LXD - unix socket.
[[0;32m  OK  [0m] Listening on UUID daemon activation socket.
[[0;32m  OK  [0m] Started Daily apt upgrade and clean activities.
[[0;32m  OK  [0m] Listening on D-Bus System Message Bus Socket.
[927]: |*.+o+.           |
[   34.069319] cloud-init[927]: +----[SHA256]-----+
         Starting Socket activation for snappy daemon.
[[0;32m  OK  [0m] Started Ubuntu Advantage Timer for running repeated jobs.
[[0;32m  OK  [0m] Reached target Timers.
[[0;32m  OK  [0m] Reached target Paths.
[   34.086574] [[0;32m  OK  [0m] Reached target Cloud-config availability.
[cloud-init[927]: [0;32m  OK  [0m] Started Availability of block devices.
Generating public/private ecdsa key pair.
[[0;32m  OK  [0m] Listening on LXD - unix socket.
[   34.108724] cloud-init[927]: Your identification has been saved in /etc/ssh/ssh_host_ecdsa_key.
[[   34.125562] cloud-init[927]: Your public key has been saved in /etc/ssh/ssh_host_ecdsa_key.pub.
[   34.125941] cloud-init[927]: The key fingerprint is:
[0;32m  OK  [0m] Listening on Socket activation for snappy daemon.[   34.135146] cloud-init[927]: SHA256:H9gQ+c+VHthsRDHuZjuJxSC9uco5Wu0oK7/S3nvzq5M root@ubuntu-bionic
[   34.136487] cloud-init[927]: The key's randomart image is:
[   34.137605] cloud-init[927]: +---[ECDSA 256]---+

[[0;32m  OK  [0m] Reached target Sockets.
[[0;32m  OK  [0m] Reached target Basic System.
[   34.137944] cloud-init[927]: |        ..   .+. |
[[0;32m  OK  [0m] Started Deferred execution scheduler.
[   34.162491] cloud-init[927]: |        .. . ... |
[[0;32m  OK  [0m] Started Regular background program processing daemon.
         Starting LSB: Record successful boot for GRUB...
[   34.176160] cloud-init[927]: |        ... o=.. |
[   34.184305] cloud-init[927]: |         +...*B  |
[   34.187538] cloud-init[927]: |        S ooo+*. |
[   34.189923] cloud-init[927]: |         . oo*.o |
[   34.192394] cloud-init[927]: |       .  o +.+  |
[   34.202438] cloud-init[927]: |      o o+.=E  . |
[   34.212868] cloud-init[927]: |       =*=B+o=o. |
[   34.217282] cloud-init[927]: +----[SHA256]-----+
[   34.221977] cloud-init[927]: Generating public/private ed25519 key pair.
[   34.225259] cloud-init[927]: Your identification has been saved in /etc/ssh/ssh_host_ed25519_key.
[[0;32m  OK  [0m] Started irqbalance daemon.
[   34.228916] cloud-init[927]: Your public key has been saved in /etc/ssh/ssh_host_ed25519_key.pub.
[   34.247694] [[0;32m  OK  [0m] Started FUSE filesystem for LXC.
cloud-init[927]: The key fingerprint is:         Starting System Logging Service...
[[0;32m  OK  [0m] Reached target Login Prompts (Pre).
         Starting LSB: automatic crash report generation...
         Starting Login Service...

[   34.283303] cloud-init[927]: SHA256:OuW3Pi2tMVCHfMGgQybLKTXT5wl1fu9dsk2en7b/+Ao root@ubuntu-bionic
         Starting Pollinate to seed the pseudo random number generator...
[   34.301999] cloud-init[927]: The key's randomart image is:
         [   34.309665] Starting Accounts Service...
cloud-init[927]: +--[ED25519 256]--+
         Starting Virtualbox guest utils...
[   34.324556] cloud-init[927]: |      =.o.ooo    |
[   34.328572] cloud-init[927]: |     o Ooo.+..   |
[   34.331754] cloud-init[927]: |    . + o++.+ .  |
[   34.334771] cloud-init[927]: |     .   ooo . . |
[   34.337265] cloud-init[927]: |        S     . +|
[   34.352476] cloud-init[927]: |       + .     B+|
[   34.356832] cloud-init[927]: |      o . +oE ..=|
[   34.359450] cloud-init[927]: |       . .o+o. oo|
[   34.364687] cloud-init[927]: |         .++  +=O|
[   34.367046] cloud-init[927]: +----[SHA256]-----+
         Starting Dispatcher daemon for systemd-networkd...
         Starting LXD - container startup/shutdown...
         Starting Permit User Sessions...
         Starting Snap Daemon...
[[0;32m  OK  [0m] Started D-Bus System Message Bus.
[[0;32m  OK  [0m] Started Login Service.
[[0;32m  OK  [0m] Started Unattended Upgrades Shutdown.
[[0;32m  OK  [0m] Started System Logging Service.
[[0;32m  OK  [0m] Started Permit User Sessions.
         Starting Hold until boot process finishes up...
         Starting Terminate Plymouth Boot Screen...
[[0;32m  OK  [0m] Started Hold until boot process finishes up.
[[0;32m  OK  [0m] Started Serial Getty on ttyS0.
         Starting Set console scheme...
[[0;32m  OK  [0m] Started Terminate Plymouth Boot Screen.
[[0;32m  OK  [0m] Started Set console scheme.
[[0;32m  OK  [0m] Created slice system-getty.slice.
[[0;32m  OK  [0m] Started Getty on tty1.
[[0;32m  OK  [0m] Reached target Login Prompts.
[[0;32m  OK  [0m] Started LSB: Record successful boot for GRUB.
[[0;32m  OK  [0m] Started LSB: automatic crash report generation.
         Starting Authorization Manager...
[[0;32m  OK  [0m] Started Authorization Manager.
[[0;32m  OK  [0m] Started Accounts Service.
[[0;32m  OK  [0m] Started LXD - container startup/shutdown.
[[0;32m  OK  [0m] Started Virtualbox guest utils.
[[0;32m  OK  [0m] Started Dispatcher daemon for systemd-networkd.
[[0;32m  OK  [0m] Started Snap Daemon.
         Starting Wait until snapd is fully seeded...
         Starting Time & Date Service...
[[0;32m  OK  [0m] Started Time & Date Service.
[[0;32m  OK  [0m] Started Pollinate to seed the pseudo random number generator.
         Starting OpenBSD Secure Shell server...
[[0;32m  OK  [0m] Started OpenBSD Secure Shell server.
[[0;32m  OK  [0m] Created slice User Slice of vagrant.
         Starting User Manager for UID 1000...
[[0;32m  OK  [0m] Started Session 1 of user vagrant.
[[0;32m  OK  [0m] Started User Manager for UID 1000.

Ubuntu 18.04.6 LTS ubuntu-bionic ttyS0

ubuntu-bionic login: [   45.553078] cloud-init[1492]: Cloud-init v. 23.1.2-0ubuntu0~18.04.1 running 'modules:config' at Thu, 13 Jul 2023 09:08:23 +0000. Up 43.56 seconds.
ci-info: no authorized SSH keys fingerprints found for user ubuntu.
<14>Jul 13 09:08:27 cloud-init: #############################################################
<14>Jul 13 09:08:27 cloud-init: -----BEGIN SSH HOST KEY FINGERPRINTS-----
<14>Jul 13 09:08:27 cloud-init: 1024 SHA256:yEaL7MB65wzYig1qfv5UK7g1PBMUCyaw9SpnjXQwMf0 root@ubuntu-bionic (DSA)
<14>Jul 13 09:08:27 cloud-init: 256 SHA256:H9gQ+c+VHthsRDHuZjuJxSC9uco5Wu0oK7/S3nvzq5M root@ubuntu-bionic (ECDSA)
<14>Jul 13 09:08:27 cloud-init: 256 SHA256:OuW3Pi2tMVCHfMGgQybLKTXT5wl1fu9dsk2en7b/+Ao root@ubuntu-bionic (ED25519)
<14>Jul 13 09:08:27 cloud-init: 2048 SHA256:YX1KyhB6hjQMd5LxU8r2/n62mM6q0s8g6rKvqtuPujQ root@ubuntu-bionic (RSA)
<14>Jul 13 09:08:27 cloud-init: -----END SSH HOST KEY FINGERPRINTS-----
<14>Jul 13 09:08:27 cloud-init: #############################################################
-----BEGIN SSH HOST KEY KEYS-----
ecdsa-sha2-nistp256 AAAAE2VjZHNhLXNoYTItbmlzdHAyNTYAAAAIbmlzdHAyNTYAAABBBJJfQ1ZtKxN+gIINAb16GsNnjDevESFbmyfyBoqps6VUy2ix/Gz+TOLs1FB51aLF6HZsRwfL28MbyRx4wzjFB+k= root@ubuntu-bionic
ssh-ed25519 AAAAC3NzaC1lZDI1NTE5AAAAIB92lhlsJButw0fvdirsIyctteBOzlHedSeURKMZpRpC root@ubuntu-bionic
ssh-rsa AAAAB3NzaC1yc2EAAAADAQABAAABAQCmt3KJrcY5Wier6C2kv2t5SaKWP/JLhPMlpJa/+LOx5DrFnBhet2GguU5AwAQTMoGGv617439xNH7VqoqaWrKg9ozOejSIMe1Tdcu9mBf3hsmtxzKzGRO675my0Um/WLfPGIHbBgyIRVsHkRYs6FExp3MU34tzCjpC76jobTTOT/8lV9XoWczx3XqhDv98fzX2hzvtjmaDDbAj2fbnBf2yBPF4LDRvnROR89dOaNjI/+L+piKWluqNngI5gNBNV8NbJAYdOXQFpK+n9mJXYKp+PcM6G2leNXQgJF2q3xadqBP2C4oLu/qKKzUf0sj7rQtJaE7tqViBkdo9ye6+Xedt root@ubuntu-bionic
-----END SSH HOST KEY KEYS-----
[   48.254140] cloud-init[1623]: Cloud-init v. 23.1.2-0ubuntu0~18.04.1 running 'modules:final' at Thu, 13 Jul 2023 09:08:27 +0000. Up 47.54 seconds.
[   48.254365] cloud-init[1623]: Cloud-init v. 23.1.2-0ubuntu0~18.04.1 finished at Thu, 13 Jul 2023 09:08:27 +0000. Datasource DataSourceNoCloud [seed=/dev/sdb][dsmode=net].  Up 48.22 seconds
